<?xml version="1.0" encoding="UTF-8"?>
<!-- Generated by org.testng.reporters.JUnitReportReporter -->
<testsuite skipped="0" hostname="DESKTOP-EJOGMS5" name="com.crm.autodesk.tests.RefranceBoxIsEnableOrNotTest" tests="2" failures="0" timestamp="08 Oct 2021 11:21:21 GMT" time="25.737" errors="0">
  <testcase name="RefranceBoxIsEnableOrNot" time="11.280" classname="com.crm.autodesk.tests.RefranceBoxIsEnableOrNotTest"/>
  <testcase name="RefranceBoxIsEnableOrNot" time="14.457" classname="com.crm.autodesk.tests.RefranceBoxIsEnableOrNotTest"/>
</testsuite> <!-- com.crm.autodesk.tests.RefranceBoxIsEnableOrNotTest -->
