<?xml version="1.0" encoding="UTF-8"?>
<!-- Generated by org.testng.reporters.JUnitReportReporter -->
<testsuite skipped="0" hostname="DESKTOP-EJOGMS5" name="crm.com.vtiger.comcast.organizationtest.CreateContactWithOrganization" tests="1" failures="0" timestamp="07 Oct 2021 06:04:57 GMT" time="43.030" errors="0">
  <testcase name="CreateContactWithOrganization" time="43.030" classname="crm.com.vtiger.comcast.organizationtest.CreateContactWithOrganization"/>
</testsuite> <!-- crm.com.vtiger.comcast.organizationtest.CreateContactWithOrganization -->
