<?xml version="1.0" encoding="UTF-8"?>
<!-- Generated by org.testng.reporters.JUnitReportReporter -->
<testsuite skipped="0" hostname="DESKTOP-EJOGMS5" name="crm.com.vtiger.testscripts.TC_24Refranceboxisenableornot" tests="1" failures="0" timestamp="01 Oct 2021 06:38:24 GMT" time="26.265" errors="0">
  <testcase name="Refranceboxisenableornot" time="26.265" classname="crm.com.vtiger.testscripts.TC_24Refranceboxisenableornot"/>
</testsuite> <!-- crm.com.vtiger.testscripts.TC_24Refranceboxisenableornot -->
