<?xml version="1.0" encoding="UTF-8"?>
<!-- Generated by org.testng.reporters.JUnitReportReporter -->
<testsuite skipped="0" hostname="DESKTOP-EJOGMS5" name="testScript.TC_02ReapetCreateContactWithOrganization" tests="1" failures="0" timestamp="30 Sep 2021 09:08:01 GMT" time="14.371" errors="0">
  <testcase name="CreatecontactwithOrganization" time="14.371" classname="testScript.TC_02ReapetCreateContactWithOrganization"/>
</testsuite> <!-- testScript.TC_02ReapetCreateContactWithOrganization -->
