<?xml version="1.0" encoding="UTF-8"?>
<!-- Generated by org.testng.reporters.JUnitReportReporter -->
<testsuite skipped="0" hostname="DESKTOP-EJOGMS5" name="com.crm.autodesk.tests.EmailOutputBoxEnableOrNotTest" tests="2" failures="0" timestamp="08 Oct 2021 11:21:21 GMT" time="25.237" errors="0">
  <testcase name="EmailOutputBoxEnableOrNot" time="14.736" classname="com.crm.autodesk.tests.EmailOutputBoxEnableOrNotTest"/>
  <testcase name="EmailOutputBoxEnableOrNot" time="10.501" classname="com.crm.autodesk.tests.EmailOutputBoxEnableOrNotTest"/>
</testsuite> <!-- com.crm.autodesk.tests.EmailOutputBoxEnableOrNotTest -->
