<?xml version="1.0" encoding="UTF-8"?>
<!-- Generated by org.testng.reporters.JUnitReportReporter -->
<testsuite skipped="0" hostname="DESKTOP-EJOGMS5" name="crm.com.vtiger.comcast.organizationtest.CreateContact" tests="1" failures="0" timestamp="07 Oct 2021 05:28:18 GMT" time="59.005" errors="0">
  <testcase name="CreateContact" time="59.005" classname="crm.com.vtiger.comcast.organizationtest.CreateContact"/>
</testsuite> <!-- crm.com.vtiger.comcast.organizationtest.CreateContact -->
