<?xml version="1.0" encoding="UTF-8"?>
<!-- Generated by org.testng.reporters.JUnitReportReporter -->
<testsuite skipped="0" hostname="DESKTOP-EJOGMS5" name="com.crm.autodesk.tests.NotifyOwnerBoxIsEnableOrNot" tests="1" failures="0" timestamp="07 Oct 2021 08:59:39 GMT" time="23.413" errors="0">
  <testcase name="NotifyOwnerBoxIsEnableOrNot" time="23.413" classname="com.crm.autodesk.tests.NotifyOwnerBoxIsEnableOrNot"/>
</testsuite> <!-- com.crm.autodesk.tests.NotifyOwnerBoxIsEnableOrNot -->
