<?xml version="1.0" encoding="UTF-8"?>
<!-- Generated by org.testng.reporters.JUnitReportReporter -->
<testsuite skipped="0" hostname="DESKTOP-EJOGMS5" name="crm.com.vtiger.testscripts.TC_21CreateContact" tests="1" failures="0" timestamp="30 Sep 2021 10:39:53 GMT" time="15.094" errors="0">
  <testcase name="CreateContact" time="15.094" classname="crm.com.vtiger.testscripts.TC_21CreateContact"/>
</testsuite> <!-- crm.com.vtiger.testscripts.TC_21CreateContact -->
