<?xml version="1.0" encoding="UTF-8"?>
<!-- Generated by org.testng.reporters.JUnitReportReporter -->
<testsuite skipped="0" hostname="DESKTOP-EJOGMS5" name="testScript.TC_01CreateOrganization" tests="1" failures="0" timestamp="30 Sep 2021 10:14:12 GMT" time="13.161" errors="0">
  <testcase name="createOraganization" time="13.161" classname="testScript.TC_01CreateOrganization"/>
</testsuite> <!-- testScript.TC_01CreateOrganization -->
