<?xml version="1.0" encoding="UTF-8"?>
<!-- Generated by org.testng.reporters.JUnitReportReporter -->
<testsuite skipped="0" hostname="DESKTOP-EJOGMS5" name="practice.ReadDataFromPropertyFile" tests="1" failures="0" timestamp="29 Sep 2021 06:26:40 GMT" time="0.012" errors="0">
  <testcase name="readDataFromPropertyFile" time="0.012" classname="practice.ReadDataFromPropertyFile"/>
</testsuite> <!-- practice.ReadDataFromPropertyFile -->
