<?xml version="1.0" encoding="UTF-8"?>
<!-- Generated by org.testng.reporters.JUnitReportReporter -->
<testsuite skipped="0" hostname="DESKTOP-EJOGMS5" name="testScript.TC_01ReapetCreateContactWithOrganization" tests="1" failures="0" timestamp="30 Sep 2021 07:46:26 GMT" time="32.916" errors="0">
  <testcase name="CreatecontactwithOrganization" time="32.916" classname="testScript.TC_01ReapetCreateContactWithOrganization"/>
</testsuite> <!-- testScript.TC_01ReapetCreateContactWithOrganization -->
