<?xml version="1.0" encoding="UTF-8"?>
<!-- Generated by org.testng.reporters.JUnitReportReporter -->
<testsuite skipped="0" hostname="DESKTOP-EJOGMS5" name="crm.com.vtiger.testscripts.TC_22DOnotCallBoxEnableOrNot" tests="1" failures="0" timestamp="01 Oct 2021 06:48:33 GMT" time="29.981" errors="0">
  <testcase name="DoNotCallBoxEnableOrNot" time="29.981" classname="crm.com.vtiger.testscripts.TC_22DOnotCallBoxEnableOrNot"/>
</testsuite> <!-- crm.com.vtiger.testscripts.TC_22DOnotCallBoxEnableOrNot -->
