<?xml version="1.0" encoding="UTF-8"?>
<!-- Generated by org.testng.reporters.JUnitReportReporter -->
<testsuite skipped="0" hostname="DESKTOP-EJOGMS5" name="crm.com.vtiger.testscripts.TC_23Emailoptoutboxenableornot" tests="1" failures="0" timestamp="01 Oct 2021 07:30:53 GMT" time="29.250" errors="0">
  <testcase name="emailoptoutboxenabledornot" time="29.250" classname="crm.com.vtiger.testscripts.TC_23Emailoptoutboxenableornot"/>
</testsuite> <!-- crm.com.vtiger.testscripts.TC_23Emailoptoutboxenableornot -->
