<?xml version="1.0" encoding="UTF-8"?>
<!-- Generated by org.testng.reporters.JUnitReportReporter -->
<testsuite skipped="0" hostname="DESKTOP-EJOGMS5" name="com.crm.autodesk.tests.DoNotCallBoxEnableOrNot" tests="1" failures="0" timestamp="07 Oct 2021 08:43:39 GMT" time="22.762" errors="0">
  <testcase name="DoNotCallBoxEnableOrNot" time="22.762" classname="com.crm.autodesk.tests.DoNotCallBoxEnableOrNot"/>
</testsuite> <!-- com.crm.autodesk.tests.DoNotCallBoxEnableOrNot -->
