<?xml version="1.0" encoding="UTF-8"?>
<!-- Generated by org.testng.reporters.JUnitReportReporter -->
<testsuite skipped="0" hostname="DESKTOP-EJOGMS5" name="crm.com.vtiger.comcast.organizationtest.DoNotCallBoxEnableOrNot" tests="1" failures="0" timestamp="07 Oct 2021 05:28:18 GMT" time="27.764" errors="0">
  <testcase name="DoNotCallBoxEnableOrNot" time="27.764" classname="crm.com.vtiger.comcast.organizationtest.DoNotCallBoxEnableOrNot"/>
</testsuite> <!-- crm.com.vtiger.comcast.organizationtest.DoNotCallBoxEnableOrNot -->
