<?xml version="1.0" encoding="UTF-8"?>
<!-- Generated by org.testng.reporters.JUnitReportReporter -->
<testsuite skipped="0" hostname="DESKTOP-EJOGMS5" name="testScript.TC_02CreateContactWithOrganization" tests="1" failures="0" timestamp="30 Sep 2021 05:49:19 GMT" time="13.157" errors="0">
  <testcase name="CreateContactWithOrganization" time="13.157" classname="testScript.TC_02CreateContactWithOrganization"/>
</testsuite> <!-- testScript.TC_02CreateContactWithOrganization -->
