<?xml version="1.0" encoding="UTF-8"?>
<!-- Generated by org.testng.reporters.JUnitReportReporter -->
<testsuite skipped="0" hostname="DESKTOP-EJOGMS5" name="crm.com.vtiger.comcast.organizationtest.NotifyOwnerBoxIsEnableOrNot" tests="1" failures="0" timestamp="07 Oct 2021 05:28:18 GMT" time="32.140" errors="0">
  <testcase name="NotifyOwnerBoxIsEnableOrNot" time="32.140" classname="crm.com.vtiger.comcast.organizationtest.NotifyOwnerBoxIsEnableOrNot"/>
</testsuite> <!-- crm.com.vtiger.comcast.organizationtest.NotifyOwnerBoxIsEnableOrNot -->
