<?xml version="1.0" encoding="UTF-8"?>
<!-- Generated by org.testng.reporters.JUnitReportReporter -->
<testsuite skipped="0" hostname="DESKTOP-EJOGMS5" name="crm.com.vtiger.testscripts.TC_25NotifyOwnerBoxIsEnableOrNot" tests="1" failures="0" timestamp="01 Oct 2021 07:03:11 GMT" time="30.401" errors="0">
  <testcase name="notifyownerboxisenableornot" time="30.401" classname="crm.com.vtiger.testscripts.TC_25NotifyOwnerBoxIsEnableOrNot"/>
</testsuite> <!-- crm.com.vtiger.testscripts.TC_25NotifyOwnerBoxIsEnableOrNot -->
