<?xml version="1.0" encoding="UTF-8"?>
<!-- Generated by org.testng.reporters.JUnitReportReporter -->
<testsuite skipped="0" hostname="DESKTOP-EJOGMS5" name="crm.com.vtiger.testscripts.TC_42CreateDocumentForExistingContact" tests="1" failures="0" timestamp="01 Oct 2021 08:08:58 GMT" time="30.078" errors="0">
  <testcase name="CreateDocumentForExistingContact" time="30.078" classname="crm.com.vtiger.testscripts.TC_42CreateDocumentForExistingContact"/>
</testsuite> <!-- crm.com.vtiger.testscripts.TC_42CreateDocumentForExistingContact -->
